<component name="libraryTable">
  <library name="junit-jupiter-api-5.3.1">
    <CLASSES>
      <root url="jar://$PROJECT_DIR$/lib/junit/junit-jupiter-api-5.3.1.jar!/" />
      <root url="jar://$PROJECT_DIR$/lib/junit/junit-platform-commons-1.3.1.jar!/" />
    </CLASSES>
    <JAVADOC />
    <SOURCES />
  </library>
</component>