<component name="libraryTable">
  <library name="junit-4.11">
    <CLASSES>
      <root url="jar://$PROJECT_DIR$/lib/jUnit/junit-4.11.jar!/" />
      <root url="jar://$PROJECT_DIR$/lib/jersey/junit-jupiter-api-5.3.1.jar!/" />
    </CLASSES>
    <JAVADOC />
    <SOURCES />
  </library>
</component>